<?xml version="1.0" encoding="UTF-8"?>
<!-- Generated by org.testng.reporters.JUnitReportReporter -->
<testsuite hostname="DESKTOP-H1FEVKM" name="Academy.AppTest" tests="1" failures="0" timestamp="16 Jun 2020 06:05:30 GMT" time="0.029" errors="0">
  <testcase name="shouldAnswerWithTrue" time="0.029" classname="Academy.AppTest"/>
</testsuite> <!-- Academy.AppTest -->
